<?xml version="1.0" encoding="UTF-8"?>
<testsuite name="cz.siret.prank.FPocketTest" tests="1" skipped="0" failures="0" errors="0" timestamp="2022-12-15T22:11:37" hostname="macbook-air-de-junwoo.home" time="0.546">
  <properties/>
  <testcase name="testStatsParser" classname="cz.siret.prank.FPocketTest" time="0.546"/>
  <system-out><![CDATA[]]></system-out>
  <system-err><![CDATA[]]></system-err>
</testsuite>
