<?xml version="1.0" encoding="UTF-8"?>
<testsuite name="cz.siret.prank.export.FastaExporterTest" tests="2" skipped="0" failures="0" errors="0" timestamp="2022-12-15T22:11:53" hostname="macbook-air-de-junwoo.home" time="0.325">
  <properties/>
  <testcase name="getFastaChainRaw" classname="cz.siret.prank.export.FastaExporterTest" time="0.161"/>
  <testcase name="getFastaChainMasked" classname="cz.siret.prank.export.FastaExporterTest" time="0.163"/>
  <system-out><![CDATA[]]></system-out>
  <system-err><![CDATA[]]></system-err>
</testsuite>
