<?xml version="1.0" encoding="UTF-8"?>
<testsuite name="cz.siret.prank.geom.StructTest" tests="1" skipped="0" failures="0" errors="0" timestamp="2022-12-15T22:12:01" hostname="macbook-air-de-junwoo.home" time="0.725">
  <properties/>
  <testcase name="getResiduesFromChain" classname="cz.siret.prank.geom.StructTest" time="0.725"/>
  <system-out><![CDATA[]]></system-out>
  <system-err><![CDATA[]]></system-err>
</testsuite>
