<?xml version="1.0" encoding="UTF-8"?>
<testsuite name="cz.siret.prank.features.implementation.csv.CsvFileFeatureTest" tests="1" skipped="0" failures="0" errors="0" timestamp="2022-12-15T22:11:54" hostname="macbook-air-de-junwoo.home" time="1.332">
  <properties/>
  <testcase name="testCsvFeatureLoading" classname="cz.siret.prank.features.implementation.csv.CsvFileFeatureTest" time="1.332"/>
  <system-out><![CDATA[]]></system-out>
  <system-err><![CDATA[]]></system-err>
</testsuite>
